<?xml version="1.0" encoding="UTF-8" ?>
<testsuite errors="0" failures="0" hostname="asus-PC" name="medrecappz.Services.B_SpesialisGuiServiceTest" skipped="0" tests="5" time="11.104" timestamp="2014-05-14T00:31:40">
  <properties>
[...]
</properties>
  <testcase classname="medrecappz.Services.B_SpesialisGuiServiceTest" name="a_insertDataSpesialisKosong" time="1.778" />
  <testcase classname="medrecappz.Services.B_SpesialisGuiServiceTest" name="b_insertDataSpesialis" time="3.33" />
  <testcase classname="medrecappz.Services.B_SpesialisGuiServiceTest" name="c_updateDataSpesialisKosong" time="1.65" />
  <testcase classname="medrecappz.Services.B_SpesialisGuiServiceTest" name="d_updateDataSpesialis" time="0.553" />
  <testcase classname="medrecappz.Services.B_SpesialisGuiServiceTest" name="e_deleteDataSpesialis" time="0.875" />
  <system-out><![CDATA[1. InsertDataSpesialisKosong
2. InsertDataSpesialis
3. UpdateDataSpesialisKosong
4. UpdateDataSpesialis
5. DeleteDataSpesialis
]]></system-out>
  <system-err><![CDATA[]]></system-err>
</testsuite>
