<?xml version="1.0" encoding="UTF-8" ?>
<testsuite errors="0" failures="0" hostname="yuan-PC" name="medrecappz.Services.B_SpesialisGuiServiceTest" tests="5" time="6.56" timestamp="2014-05-14T14:17:18">
  <properties>
[...]
</properties>
  <testcase classname="medrecappz.Services.B_SpesialisGuiServiceTest" name="a_insertDataSpesialisKosong" time="0.62" />
  <testcase classname="medrecappz.Services.B_SpesialisGuiServiceTest" name="b_insertDataSpesialis" time="1.43" />
  <testcase classname="medrecappz.Services.B_SpesialisGuiServiceTest" name="c_updateDataSpesialisKosong" time="0.63" />
  <testcase classname="medrecappz.Services.B_SpesialisGuiServiceTest" name="d_updateDataSpesialis" time="0.74" />
  <testcase classname="medrecappz.Services.B_SpesialisGuiServiceTest" name="e_deleteDataSpesialis" time="1.2" />
  <system-out><![CDATA[1. InsertDataSpesialisKosong
2. InsertDataSpesialis
3. UpdateDataSpesialisKosong
4. UpdateDataSpesialis
5. DeleteDataSpesialis
]]></system-out>
  <system-err><![CDATA[]]></system-err>
</testsuite>
