<?xml version="1.0" encoding="UTF-8" ?>
<testsuite errors="0" failures="0" hostname="beeboypralienka" name="medrecappz.Services.A_SpesialisServiceTest" tests="14" time="0.486" timestamp="2014-05-21T01:47:17">
  <properties>
[...]
</properties>
  <testcase classname="medrecappz.Services.A_SpesialisServiceTest" name="a_insertSpesialisNormal" time="0.277" />
  <testcase classname="medrecappz.Services.A_SpesialisServiceTest" name="b_insertSpesialisKosong" time="0.002" />
  <testcase classname="medrecappz.Services.A_SpesialisServiceTest" name="c_insertSpesialisIdKosong" time="0.001" />
  <testcase classname="medrecappz.Services.A_SpesialisServiceTest" name="d_insertSpesialisNmKosong" time="0.001" />
  <testcase classname="medrecappz.Services.A_SpesialisServiceTest" name="e_insertSpesialisTarifKosong" time="0.008" />
  <testcase classname="medrecappz.Services.A_SpesialisServiceTest" name="f_insertSpesialisIdLebih" time="0.004" />
  <testcase classname="medrecappz.Services.A_SpesialisServiceTest" name="g_insertSpesialisNmLebih" time="0.001" />
  <testcase classname="medrecappz.Services.A_SpesialisServiceTest" name="h_insertSpesialisTarifLebih" time="0.001" />
  <testcase classname="medrecappz.Services.A_SpesialisServiceTest" name="i_insertSpesialisTarifKacau" time="0.001" />
  <testcase classname="medrecappz.Services.A_SpesialisServiceTest" name="j_insertSpesialisDuplikasi" time="0.002" />
  <testcase classname="medrecappz.Services.A_SpesialisServiceTest" name="k_updateSpesialisNormal" time="0.036" />
  <testcase classname="medrecappz.Services.A_SpesialisServiceTest" name="l_updateSpesialisKosong" time="0.001" />
  <testcase classname="medrecappz.Services.A_SpesialisServiceTest" name="m_deleteSpesialisNormal" time="0.037" />
  <testcase classname="medrecappz.Services.A_SpesialisServiceTest" name="n_getAllSpesialisNormal" time="0.001" />
  <system-out><![CDATA[1. Insert Spesialis Normal
2. Insert Spesialis Kosong
3. Insert Spesialis Id Kosong
4. Insert Spesialis Nama Kosong
5. Insert Spesialis Tarif Kosong
6. Insert Spesialis Id Lebih
7. Insert Spesialis Nama Lebih
8. Insert Spesialis Tarif Lebih
9. Insert Spesialis Tarif Kacau
10. Insert Spesialis Duplikasi
11. Update Spesialis Normal
12. Update Spesialis Kosong
13. Delete Spesialis Normal
14. Get All Spesialis Normal
]]></system-out>
  <system-err><![CDATA[]]></system-err>
</testsuite>
