<?xml version="1.0" encoding="UTF-8" ?>
<testsuite errors="0" failures="0" hostname="asus-PC" name="medrecappz.Services.D_JaminanGuiServiceTest" tests="5" time="12.472" timestamp="2014-05-21T06:23:54">
  <properties>
[...]
</properties>
  <testcase classname="medrecappz.Services.D_JaminanGuiServiceTest" name="a_insertDataJaminanKosong" time="1.377" />
  <testcase classname="medrecappz.Services.D_JaminanGuiServiceTest" name="b_insertDataJaminan" time="3.079" />
  <testcase classname="medrecappz.Services.D_JaminanGuiServiceTest" name="c_updateDataJaminanKosong" time="1.439" />
  <testcase classname="medrecappz.Services.D_JaminanGuiServiceTest" name="d_updateDataJaminan" time="1.362" />
  <testcase classname="medrecappz.Services.D_JaminanGuiServiceTest" name="e_deleteDataJaminan" time="2.078" />
  <system-out><![CDATA[1. InsertDataJaminanKosong
2. InsertDataJaminan
3. UpdateDataJaminanKosong
4. UpdateDataJaminan
5. DeleteDataJaminan
]]></system-out>
  <system-err><![CDATA[]]></system-err>
</testsuite>
