<?xml version="1.0" encoding="UTF-8" ?>
<testsuite errors="0" failures="0" hostname="Samsung" name="medrecappz.Services.F_StafGuiServiceTest" skipped="0" tests="5" time="8.034" timestamp="2014-06-18T05:58:10">
  <properties>
[...]
</properties>
  <testcase classname="medrecappz.Services.F_StafGuiServiceTest" name="a_insertDataStafKosong" time="1.046" />
  <testcase classname="medrecappz.Services.F_StafGuiServiceTest" name="b_insertDataSpesialis" time="0.593" />
  <testcase classname="medrecappz.Services.F_StafGuiServiceTest" name="c_updateDataStafKosong" time="1.466" />
  <testcase classname="medrecappz.Services.F_StafGuiServiceTest" name="d_updateDataStaf" time="0.546" />
  <testcase classname="medrecappz.Services.F_StafGuiServiceTest" name="e_deleteDataStaf" time="0.78" />
  <system-out><![CDATA[1. InsertDataStafKosong
2. InsertDataStaf
3. UpdateDataStafKosong
4. UpdateDataStaf
5. DeleteDataStaf
]]></system-out>
  <system-err><![CDATA[]]></system-err>
</testsuite>
